1572587645092	mozrunner::runner	INFO	Running command: "C:\\Users\\user\\Desktop\\Tor Browser\\Browser\\firefox.exe" "-marionette" "-foreground" "-no-remote" "-profile" "C:\\Users\\user\\AppData\\Local\\Temp\\rust_mozprofileEeFISt"
1572587658423	addons.xpi	WARN	Failed to parse recommendation: TypeError: NetworkError when attempting to fetch resource.(resource://gre/modules/addons/XPIProvider.jsm:228:15) JS Stack trace: awaitPromise@XPIProvider.jsm:228:15
syncLoadManifest@XPIInstall.jsm:746:22
updateMetadata@XPIDatabase.jsm:2832:32
updateExistingAddon@XPIDatabase.jsm:3048:23
processFileChanges@XPIDatabase.jsm:3137:31
checkForChanges@XPIProvider.jsm:2965:55
startup@XPIProvider.jsm:2425:12
callProvider@AddonManager.jsm:215:31
_startProvider@AddonManager.jsm:651:5
startup@AddonManager.jsm:897:14
startup@AddonManager.jsm:3493:26
observe@addonManager.js:70:29
JavaScript error: resource://gre/modules/AutoCompletePopup.jsm, line 113: NS_ERROR_ILLEGAL_VALUE: Component returned failure code: 0x80070057 (NS_ERROR_ILLEGAL_VALUE) [nsIObserverService.removeObserver]

###!!! [Child][RunMessage] Error: Channel closing: too late to send/recv, messages will be lost

[GPU
###!!! [Child][MessageChannel::SendAndWait] Error: Channel error: cannot send/recv

1572587695955	mozrunner::runner	INFO	Running command: "C:\\Users\\user\\Desktop\\Tor Browser\\Browser\\firefox.exe" "-marionette" "-foreground" "-no-remote" "-profile" "C:\\Users\\user\\AppData\\Local\\Temp\\rust_mozprofilecz3bZg"
1572587698134	addons.xpi	WARN	Failed to parse recommendation: TypeError: NetworkError when attempting to fetch resource.(resource://gre/modules/addons/XPIProvider.jsm:228:15) JS Stack trace: awaitPromise@XPIProvider.jsm:228:15
syncLoadManifest@XPIInstall.jsm:746:22
updateMetadata@XPIDatabase.jsm:2832:32
updateExistingAddon@XPIDatabase.jsm:3048:23
processFileChanges@XPIDatabase.jsm:3137:31
checkForChanges@XPIProvider.jsm:2965:55
startup@XPIProvider.jsm:2425:12
callProvider@AddonManager.jsm:215:31
_startProvider@AddonManager.jsm:651:5
startup@AddonManager.jsm:897:14
startup@AddonManager.jsm:3493:26
observe@addonManager.js:70:29
JavaScript error: resource://gre/modules/AutoCompletePopup.jsm, line 113: NS_ERROR_ILLEGAL_VALUE: Component returned failure code: 0x80070057 (NS_ERROR_ILLEGAL_VALUE) [nsIObserverService.removeObserver]
[GPU 12284, Chrome_C
###!!! [Child][RunMessage] Error: Channel closing: too late to send/recv, messages will be lost

hildThread] WARNING: pipe error: 109: file /var/tmp/build/firefox-d051ff6e2f60/ipc/chromium/src/chrome/common/ipc_channel_win.cc, line 341

###!!! [Child][MessageChannel::SendAndWait] Error: Channel error: cannot send/recv

1572587774811	mozrunner::runner	INFO	Running command: "C:\\Users\\user\\Desktop\\Tor Browser\\Browser\\firefox.exe" "-marionette" "-foreground" "-no-remote" "-profile" "C:\\Users\\user\\AppData\\Local\\Temp\\rust_mozprofile2phJyw"
JavaScript error: resource://gre/modules/AutoCompletePopup.jsm, line 113: NS_ERROR_ILLEGAL_VALUE: Component returned failure code: 0x80070057 (NS_ERROR_ILLEGAL_VALUE) [nsIObserverService.removeObserver]

###!!! [Child][MessageChannel::SendAndWait] Error: Channel error: cannot send/recv

1572588025346	mozrunner::runner	INFO	Running command: "C:\\Users\\user\\Desktop\\Tor Browser\\Browser\\firefox.exe" "-marionette" "-foreground" "-no-remote" "-profile" "C:\\Users\\user\\AppData\\Local\\Temp\\rust_mozprofileJYzy7s"
JavaScript error: resource://gre/modules/AutoCompletePopup.jsm, line 113: NS_ERROR_ILLEGAL_VALUE: Component returned failure code: 0x80070057 (NS_ERROR_ILLEGAL_VALUE) [nsIObserverService.removeObserver]
[GPU 11512, Chrome_ChildTh
###!!! [Child][MessageChannel::SendAndWait] Error: Channel error: cannot send/recv

1572588404906	mozrunner::runner	INFO	Running command: "C:\\Users\\user\\Desktop\\Tor Browser\\Browser\\firefox.exe" "-marionette" "-foreground" "-no-remote" "-profile" "C:\\Users\\user\\AppData\\Local\\Temp\\rust_mozprofile0p13lv"
JavaScript error: resource://gre/modules/AutoCompletePopup.jsm, line 113: NS_ERROR_ILLEGAL_VALUE: Component returned failure code: 0x80070057 (NS_ERROR_ILLEGAL_VALUE) [nsIObserverService.removeObserver]
[
###!!! [Child][MessageChannel::SendAndWait] Error: Channel error: cannot send/recv

1572588540078	mozrunner::runner	INFO	Running command: "C:\\Users\\user\\Desktop\\Tor Browser\\Browser\\firefox.exe" "-marionette" "-foreground" "-no-remote" "-profile" "C:\\Users\\user\\AppData\\Local\\Temp\\rust_mozprofilebwg5Iy"
JavaScript error: resource://gre/modules/AutoCompletePopup.jsm, line 113: NS_ERROR_ILLEGAL_VALUE: Component returned failure code: 0x80070057 (NS_ERROR_ILLEGAL_VALUE) [nsIObserverService.removeObserver]

###!!! [Child][RunMessage] Error: Channel closing: too late to send/recv, messages will be lost

[GPU 1824, Chrome_ChildThread] WARNING: pipe error: 109: file /var/tmp/build/firefox-d051ff6e2f60/ipc/chromium/src/chrome/common/ipc_channel_win.cc, line 341

###!!! [Child][MessageChannel::SendAndWait] Error: Channel error: cannot send/recv

1572589343177	mozrunner::runner	INFO	Running command: "C:\\Users\\user\\Desktop\\Tor Browser\\Browser\\firefox.exe" "-marionette" "-foreground" "-no-remote" "-profile" "C:\\Users\\user\\AppData\\Local\\Temp\\rust_mozprofile5fnW7r"
